<?xml version="1.0" encoding="UTF-8"?>
<!-- Generated by org.testng.reporters.JUnitXMLReporter -->
<testsuite hostname="LAPTOP-1A24TMUN" ignored="0" name="Command line test" tests="3" failures="0" timestamp="2020-10-11T00:51:39 EDT" time="0.045" errors="0">
  <testcase name="doUserReg" time="0.001" classname="testcases.TestCase1"/>
  <testcase name="doLogin" time="0.001" classname="testcases.TestCase1"/>
  <testcase name="checkPage" time="0.001" classname="testcases.TestCase1"/>
</testsuite> <!-- Command line test -->
